<?xml version="1.0" encoding="UTF-8"?>
<!-- Generated by org.testng.reporters.JUnitReportReporter -->
<testsuite skipped="1" hostname="LAPTOP-LGCBLSRU" name="com.qa.secondproject.testcase.SimpleformDemetest" tests="4" failures="0" timestamp="26 Jul 2019 11:40:29 GMT" time="43.360" errors="0">
  <testcase name="navigatepage" time="11.995" classname="com.qa.secondproject.testcase.SimpleformDemetest"/>
  <testcase name="validateTitle" time="19.839" classname="com.qa.secondproject.testcase.SimpleformDemetest"/>
  <testcase name="msgTest" time="11.526" classname="com.qa.secondproject.testcase.SimpleformDemetest"/>
  <testcase name="sum" classname="com.qa.secondproject.testcase.SimpleformDemetest">
    <skipped/>
  </testcase> <!-- sum -->
</testsuite> <!-- com.qa.secondproject.testcase.SimpleformDemetest -->
